<?xml version="1.0" encoding="UTF-8"?>
<!-- Generated by org.testng.reporters.JUnitReportReporter -->
<testsuite hostname="Sandesh-Laptop" failures="0" tests="2" name="demotestng.Demo1" time="16.354" errors="0" timestamp="2021-07-25T23:23:11 IST" skipped="0">
  <testcase classname="demotestng.Demo1" name="tc_01" time="8.765"/>
  <system-out/>
  <testcase classname="demotestng.Demo1" name="tc_02" time="7.589"/>
  <system-out/>
</testsuite> <!-- demotestng.Demo1 -->
