<?xml version="1.0" encoding="UTF-8"?>
<!-- Generated by org.testng.reporters.JUnitReportReporter -->
<testsuite hostname="Sandesh-Laptop" failures="0" tests="2" name="demotestng.Demo" time="0.010" errors="0" timestamp="2021-07-26T13:19:11 IST" skipped="0">
  <testcase classname="demotestng.Demo" name="tc2" time="0.003"/>
  <system-out/>
  <testcase classname="demotestng.Demo" name="tc1" time="0.007"/>
  <system-out/>
</testsuite> <!-- demotestng.Demo -->
