<?xml version="1.0" encoding="UTF-8"?>
<!-- Generated by org.testng.reporters.JUnitReportReporter -->
<testsuite hostname="Sandesh-Laptop" failures="0" tests="1" name="demotestng.Demo2" time="0.013" errors="0" timestamp="2021-07-26T12:23:46 IST" skipped="0">
  <testcase classname="demotestng.Demo2" name="tc" time="0.013"/>
  <system-out/>
</testsuite> <!-- demotestng.Demo2 -->
